<?xml version="1.0" encoding="UTF-8"?>
<testsuite name="BlockchainTest" tests="1" skipped="0" failures="0" errors="0" timestamp="2021-01-02T02:03:04" hostname="LIUTAO2" time="9.797">
  <properties/>
  <testcase name="start" classname="BlockchainTest" time="9.797"/>
  <system-out><![CDATA[?[1;31m
Start test 1?[0m
Block:
Created by: miner2
miner2 gets 100 VC
Id: 1
Timestamp: 1609552984138
Magic number: 0
Hash of the previous block: 
0
Hash of the block: 
8fef4a7ca2caa24d0c6734ae6ee41de9694c5b1d780e4fdd5e267cbd505b7cc4
Block data: no messages
Block was generating for 0 seconds
N was increased to 1

Block:
Created by: miner2
miner2 gets 100 VC
Id: 2
Timestamp: 1609552984200
Magic number: 575290879
Hash of the previous block: 
8fef4a7ca2caa24d0c6734ae6ee41de9694c5b1d780e4fdd5e267cbd505b7cc4
Hash of the block: 
0ce0beb561e374aae9495ecfdb54b48b9781b30abf48f0db223ecce3541b3112
Block data: no messages
Block was generating for 0 seconds
N was increased to 2

Block:
Created by: miner8
miner8 gets 100 VC
Id: 3
Timestamp: 1609552984222
Magic number: 1795162935
Hash of the previous block: 
0ce0beb561e374aae9495ecfdb54b48b9781b30abf48f0db223ecce3541b3112
Hash of the block: 
0026eaa562a665177135cc479d438a9bf20407566cbbdbada7c8e4703052b363
Block data: no messages
Block was generating for 0 seconds
N was increased to 3

Block:
Created by: miner8
miner8 gets 100 VC
Id: 4
Timestamp: 1609552984247
Magic number: 249819514
Hash of the previous block: 
0026eaa562a665177135cc479d438a9bf20407566cbbdbada7c8e4703052b363
Hash of the block: 
000b1e54de0ed679e6a35dd46df5f0e0cd671764781fce302e6c5ab4c7acae63
Block data: no messages
Block was generating for 0 seconds
N was increased to 4

Block:
Created by: miner1
miner1 gets 100 VC
Id: 5
Timestamp: 1609552984336
Magic number: 862367670
Hash of the previous block: 
000b1e54de0ed679e6a35dd46df5f0e0cd671764781fce302e6c5ab4c7acae63
Hash of the block: 
0000c53f4bb4e30d47118a92d7888a96feae6adfddf81a12209b627b7aa6f247
Block data: 
message
message
Block was generating for 0 seconds
N was increased to 5

Block:
Created by: miner3
miner3 gets 100 VC
Id: 6
Timestamp: 1609552984550
Magic number: 1597794700
Hash of the previous block: 
0000c53f4bb4e30d47118a92d7888a96feae6adfddf81a12209b627b7aa6f247
Hash of the block: 
00000a7cd25b93b6389684b2709b67189a07272975640ce2f87170ec7c9d08fb
Block data: 
message
message
message
Block was generating for 0 seconds
N stays the same

Block:
Created by: miner5
miner5 gets 100 VC
Id: 7
Timestamp: 1609552985119
Magic number: 399153187
Hash of the previous block: 
00000a7cd25b93b6389684b2709b67189a07272975640ce2f87170ec7c9d08fb
Hash of the block: 
000002862e5cc642e9251042e318c6525599be70635428759b60ea63c1c0312d
Block data: no messages
Block was generating for 0 seconds
N stays the same

Block:
Created by: miner2
miner2 gets 100 VC
Id: 8
Timestamp: 1609552985366
Magic number: 1412902139
Hash of the previous block: 
000002862e5cc642e9251042e318c6525599be70635428759b60ea63c1c0312d
Hash of the block: 
0000070a926d024fcc1e5d8311e92134d7c928d4b64572808a756e63709a3977
Block data: no messages
Block was generating for 0 seconds
N stays the same

Block:
Created by: miner2
miner2 gets 100 VC
Id: 9
Timestamp: 1609552985616
Magic number: 2001233751
Hash of the previous block: 
0000070a926d024fcc1e5d8311e92134d7c928d4b64572808a756e63709a3977
Hash of the block: 
00000f5b35edff38e9e21614c5176fc69d8bc361ba9d05503dc479476ebc6563
Block data: no messages
Block was generating for 0 seconds
N stays the same

Block:
Created by: miner1
miner1 gets 100 VC
Id: 10
Timestamp: 1609552986059
Magic number: 8860262
Hash of the previous block: 
00000f5b35edff38e9e21614c5176fc69d8bc361ba9d05503dc479476ebc6563
Hash of the block: 
00000ddb72c446e05e3cee2b6f0881d72f96070af45e0da4ff90274951aa5505
Block data: no messages
Block was generating for 0 seconds
N stays the same

Block:
Created by: miner9
miner9 gets 100 VC
Id: 11
Timestamp: 1609552986887
Magic number: 1837212060
Hash of the previous block: 
00000ddb72c446e05e3cee2b6f0881d72f96070af45e0da4ff90274951aa5505
Hash of the block: 
000008222985ecb1fd17dbb4d165cb2aa5772ebee50634c12ba30f4a4fb7ccbd
Block data: no messages
Block was generating for 0 seconds
N stays the same

Block:
Created by: miner3
miner3 gets 100 VC
Id: 12
Timestamp: 1609552987675
Magic number: 1173552498
Hash of the previous block: 
000008222985ecb1fd17dbb4d165cb2aa5772ebee50634c12ba30f4a4fb7ccbd
Hash of the block: 
00000fa9bbd89fbbc84666a40de882aca38b5756a04e92acddce81a926b5dbd7
Block data: no messages
Block was generating for 0 seconds
N stays the same

Block:
Created by: miner5
miner5 gets 100 VC
Id: 13
Timestamp: 1609552987856
Magic number: 279119902
Hash of the previous block: 
00000fa9bbd89fbbc84666a40de882aca38b5756a04e92acddce81a926b5dbd7
Hash of the block: 
000001574376c0a4c7820f290b395858dc2abfd0c1875a3504d724534aa3f4a8
Block data: no messages
Block was generating for 0 seconds
N stays the same

Block:
Created by: miner2
miner2 gets 100 VC
Id: 14
Timestamp: 1609552988261
Magic number: 812083359
Hash of the previous block: 
000001574376c0a4c7820f290b395858dc2abfd0c1875a3504d724534aa3f4a8
Hash of the block: 
00000bcb2b0088d558cdcf14ef7ddfd63cc5c81a9934556acb1df447c194e99c
Block data: no messages
Block was generating for 0 seconds
N stays the same

Block:
Created by: miner7
miner7 gets 100 VC
Id: 15
Timestamp: 1609552988787
Magic number: 562959760
Hash of the previous block: 
00000bcb2b0088d558cdcf14ef7ddfd63cc5c81a9934556acb1df447c194e99c
Hash of the block: 
00000fb887913a185d5d58818517c72a5e681e2eb6d7adba03210c76bf82645d
Block data: no messages
Block was generating for 0 seconds
N stays the same

?[1;31m
Start test 2?[0m
Block:
Created by: miner2
miner2 gets 100 VC
Id: 1
Timestamp: 1609552988930
Magic number: 0
Hash of the previous block: 
0
Hash of the block: 
af347d2008c7488bc711b1e22c6d7c06014d0d1449f235d1a67147b56fb68e1b
Block data: no messages
Block was generating for 0 seconds
N was increased to 1

Block:
Created by: miner5
miner5 gets 100 VC
Id: 2
Timestamp: 1609552988944
Magic number: 855209499
Hash of the previous block: 
af347d2008c7488bc711b1e22c6d7c06014d0d1449f235d1a67147b56fb68e1b
Hash of the block: 
08b0178cef01bf1ff2afa27b3ffffef31d66c7931ea1bc410664af37fc7f8dd5
Block data: no messages
Block was generating for 0 seconds
N was increased to 2

Block:
Created by: miner8
miner8 gets 100 VC
Id: 3
Timestamp: 1609552988954
Magic number: 1758210948
Hash of the previous block: 
08b0178cef01bf1ff2afa27b3ffffef31d66c7931ea1bc410664af37fc7f8dd5
Hash of the block: 
00e4d97703da335303bf40f879946562f6b1253950e5e34eb67ea0dc0c2cc865
Block data: no messages
Block was generating for 0 seconds
N was increased to 3

Block:
Created by: miner8
miner8 gets 100 VC
Id: 4
Timestamp: 1609552988982
Magic number: 748370046
Hash of the previous block: 
00e4d97703da335303bf40f879946562f6b1253950e5e34eb67ea0dc0c2cc865
Hash of the block: 
00055df7173008048fa991c9066a1fdabcbf39f247cc5738d606022c77615035
Block data: no messages
Block was generating for 0 seconds
N was increased to 4

Block:
Created by: miner6
miner6 gets 100 VC
Id: 5
Timestamp: 1609552989018
Magic number: 1053099208
Hash of the previous block: 
00055df7173008048fa991c9066a1fdabcbf39f247cc5738d606022c77615035
Hash of the block: 
0000e5e3064799a3dd1cad77cd136ce844f5c00445c51ca0639d3ee3626addc4
Block data: no messages
Block was generating for 0 seconds
N was increased to 5

Block:
Created by: miner9
miner9 gets 100 VC
Id: 6
Timestamp: 1609552989088
Magic number: 963408588
Hash of the previous block: 
0000e5e3064799a3dd1cad77cd136ce844f5c00445c51ca0639d3ee3626addc4
Hash of the block: 
00000f075215d581ca1ac306ed841b9ca15e1cccd46e4f31031314841b5433bb
Block data: 
message
message
message
message
message
Block was generating for 0 seconds
N stays the same

Block:
Created by: miner10
miner10 gets 100 VC
Id: 7
Timestamp: 1609552989868
Magic number: 901287727
Hash of the previous block: 
00000f075215d581ca1ac306ed841b9ca15e1cccd46e4f31031314841b5433bb
Hash of the block: 
00000bda2cbe94c6a363bba4f67e86cdf49610aab8cf07c9bb197ba10c4d3285
Block data: no messages
Block was generating for 0 seconds
N stays the same

Block:
Created by: miner8
miner8 gets 100 VC
Id: 8
Timestamp: 1609552989911
Magic number: 1385688293
Hash of the previous block: 
00000bda2cbe94c6a363bba4f67e86cdf49610aab8cf07c9bb197ba10c4d3285
Hash of the block: 
00000f019cffb1bdf5d2983c80917c8fa88c7b3d28079740b9da086596c5898a
Block data: no messages
Block was generating for 0 seconds
N stays the same

Block:
Created by: miner2
miner2 gets 100 VC
Id: 9
Timestamp: 1609552990198
Magic number: 965280419
Hash of the previous block: 
00000f019cffb1bdf5d2983c80917c8fa88c7b3d28079740b9da086596c5898a
Hash of the block: 
0000083b3144f13dadf44728307ec591d73d62e6e2884c8505fe79b7ff43ad6c
Block data: no messages
Block was generating for 0 seconds
N stays the same

Block:
Created by: miner9
miner9 gets 100 VC
Id: 10
Timestamp: 1609552990600
Magic number: 1998708157
Hash of the previous block: 
0000083b3144f13dadf44728307ec591d73d62e6e2884c8505fe79b7ff43ad6c
Hash of the block: 
00000b1e598e6f5f15285b87a1d2e402b33874114777d54d488d699121c88887
Block data: no messages
Block was generating for 0 seconds
N stays the same

Block:
Created by: miner2
miner2 gets 100 VC
Id: 11
Timestamp: 1609552991186
Magic number: 736143986
Hash of the previous block: 
00000b1e598e6f5f15285b87a1d2e402b33874114777d54d488d699121c88887
Hash of the block: 
00000c3d65299bf326dc084d2220369db5f411a0276fb96227640321fddc1dac
Block data: no messages
Block was generating for 0 seconds
N stays the same

Block:
Created by: miner6
miner6 gets 100 VC
Id: 12
Timestamp: 1609552991429
Magic number: 1074217528
Hash of the previous block: 
00000c3d65299bf326dc084d2220369db5f411a0276fb96227640321fddc1dac
Hash of the block: 
000007250f96b22082e77319652867d833ca183f6037a798a06c7db3deee26c6
Block data: no messages
Block was generating for 0 seconds
N stays the same

Block:
Created by: miner6
miner6 gets 100 VC
Id: 13
Timestamp: 1609552992083
Magic number: 1656415415
Hash of the previous block: 
000007250f96b22082e77319652867d833ca183f6037a798a06c7db3deee26c6
Hash of the block: 
0000065ca22b06a37bb887810b54671372fc18dbf729aef733afb92e2a878f9a
Block data: no messages
Block was generating for 0 seconds
N stays the same

Block:
Created by: miner7
miner7 gets 100 VC
Id: 14
Timestamp: 1609552992457
Magic number: 1499201238
Hash of the previous block: 
0000065ca22b06a37bb887810b54671372fc18dbf729aef733afb92e2a878f9a
Hash of the block: 
00000bf34e0ce2340246b5df195d7f18bd1b9bf4a6320a9daf32bcb03af1825e
Block data: no messages
Block was generating for 0 seconds
N stays the same

Block:
Created by: miner1
miner1 gets 100 VC
Id: 15
Timestamp: 1609552993076
Magic number: 862929466
Hash of the previous block: 
00000bf34e0ce2340246b5df195d7f18bd1b9bf4a6320a9daf32bcb03af1825e
Hash of the block: 
0000083c274028b3163c55eb138d52d9d1e041d6c66bdef52b6bc8ab12affee2
Block data: no messages
Block was generating for 0 seconds
N stays the same

]]></system-out>
  <system-err><![CDATA[]]></system-err>
</testsuite>
